<?xml version="1.0" encoding="UTF-8"?>
<!-- Generated by org.testng.reporters.JUnitReportReporter -->
<testsuite hostname="DESKTOP-GT80QV6" failures="0" tests="12" name="test.GetRequests.GetResuestTests" time="6.289" errors="0" timestamp="2021-11-15T23:21:09 IST" skipped="0">
  <testcase classname="test.GetRequests.GetResuestTests" name="getFirstPostCommentInvalid" time="0.759"/>
  <system-out/>
  <testcase classname="test.GetRequests.GetResuestTests" name="getAlbumInvalid" time="0.827"/>
  <system-out/>
  <testcase classname="test.GetRequests.GetResuestTests" name="getInvalidComment" time="0.736"/>
  <system-out/>
  <testcase classname="test.GetRequests.GetResuestTests" name="getCommentsUnderFirstPost" time="0.205"/>
  <system-out/>
  <testcase classname="test.GetRequests.GetResuestTests" name="getAllPost" time="0.307"/>
  <system-out/>
  <testcase classname="test.GetRequests.GetResuestTests" name="getFirstPost" time="0.231"/>
  <system-out/>
  <testcase classname="test.GetRequests.GetResuestTests" name="getInvalidPost" time="0.779"/>
  <system-out/>
  <testcase classname="test.GetRequests.GetResuestTests" name="getVeriFyEmailForFifthID" time="0.200"/>
  <system-out/>
  <testcase classname="test.GetRequests.GetResuestTests" name="getFirstPostCommentInvalid1" time="0.728"/>
  <system-out/>
  <testcase classname="test.GetRequests.GetResuestTests" name="getVeriFyIDHundrade" time="0.219"/>
  <system-out/>
  <testcase classname="test.GetRequests.GetResuestTests" name="getFirstPostComment" time="0.214"/>
  <system-out/>
  <testcase classname="test.GetRequests.GetResuestTests" name="getAlbumTen" time="1.084"/>
  <system-out/>
</testsuite> <!-- test.GetRequests.GetResuestTests -->
