<?xml version="1.0" encoding="UTF-8"?>
<!-- Generated by org.testng.reporters.JUnitReportReporter -->
<testsuite hostname="DESKTOP-GT80QV6" failures="0" tests="1" name="test.PatchRequests.PatchRequestTest" time="0.733" errors="0" timestamp="2021-11-15T23:21:09 IST" skipped="0">
  <testcase classname="test.PatchRequests.PatchRequestTest" name="verifyPutEndPoint" time="0.733"/>
  <system-out/>
</testsuite> <!-- test.PatchRequests.PatchRequestTest -->
