<?xml version="1.0" encoding="UTF-8"?>
<!-- Generated by org.testng.reporters.JUnitReportReporter -->
<testsuite hostname="DESKTOP-GT80QV6" failures="0" tests="1" name="test.DeleteRequests.DeleteRequestTest" time="2.307" errors="0" timestamp="2021-11-15T23:21:09 IST" skipped="0">
  <testcase classname="test.DeleteRequests.DeleteRequestTest" name="verifyDeleteEndPoint" time="2.307"/>
  <system-out/>
</testsuite> <!-- test.DeleteRequests.DeleteRequestTest -->
