<?xml version="1.0" encoding="UTF-8"?>
<!-- Generated by org.testng.reporters.JUnitReportReporter -->
<testsuite hostname="DESKTOP-GT80QV6" failures="0" tests="1" name="test.PostRequests.PostRequestTest" time="0.704" errors="0" timestamp="2021-11-15T23:21:09 IST" skipped="0">
  <testcase classname="test.PostRequests.PostRequestTest" name="verifyPostEndPoint" time="0.704"/>
  <system-out/>
</testsuite> <!-- test.PostRequests.PostRequestTest -->
